<?xml version="1.0" encoding="UTF-8"?>
<!-- Generated by org.testng.reporters.JUnitReportReporter -->
<testsuite hostname="Sunny-VAIO" failures="0" tests="1" name="p1.SpiceJet" time="85.814" errors="0" timestamp="28 Nov 2019 02:17:34 GMT" skipped="0">
  <testcase classname="p1.SpiceJet" name="searchOperation" time="85.814"/>
</testsuite> <!-- p1.SpiceJet -->
