<?xml version="1.0" encoding="UTF-8"?>
<!-- Generated by org.testng.reporters.JUnitReportReporter -->
<testsuite hostname="Sunny-VAIO" failures="0" tests="1" name="p2.BaseTest" time="49.838" errors="0" timestamp="29 Nov 2019 11:18:56 GMT" skipped="0">
  <testcase classname="p2.BaseTest" name="testCase01_Search" time="49.838"/>
</testsuite> <!-- p2.BaseTest -->
