<?xml version="1.0" encoding="UTF-8"?>
<!-- Generated by org.testng.reporters.JUnitReportReporter -->
<testsuite hostname="Sunny-VAIO" failures="0" tests="1" name="com.demoguru99.Guru99Bank.Base.BaseTest" time="25.828" errors="0" timestamp="14 Oct 2019 04:51:29 GMT" skipped="0">
  <testcase classname="com.demoguru99.Guru99Bank.Base.BaseTest" name="Testcase01" time="25.828"/>
</testsuite> <!-- com.demoguru99.Guru99Bank.Base.BaseTest -->
