<?xml version="1.0" encoding="UTF-8"?>
<!-- Generated by org.testng.reporters.JUnitReportReporter -->
<testsuite hostname="Sunny-VAIO" failures="0" tests="2" name="Drivers.Test1" time="182.869" errors="0" timestamp="15 Aug 2019 11:18:57 GMT" skipped="0">
  <testcase classname="Drivers.Test1" name="FirstTest" time="105.554"/>
  <testcase classname="Drivers.Test1" name="FirstTest" time="77.315"/>
</testsuite> <!-- Drivers.Test1 -->
