<?xml version="1.0" encoding="UTF-8"?>
<!-- Generated by org.testng.reporters.JUnitReportReporter -->
<testsuite hostname="Sunny-VAIO" failures="0" tests="1" name="ExcelRead" time="3.153" errors="0" timestamp="02 Oct 2019 12:57:40 GMT" skipped="0">
  <testcase classname="ExcelRead" name="testcase1" time="3.153"/>
</testsuite> <!-- ExcelRead -->
